[     148ms] [INFO] %cDownload the React DevTools for a better development experience: https://reactjs.org/link/react-devtools font-weight:bold @ http://w2676:5173/node_modules/.vite/deps/chunk-PJEEZAML.js?v=99e4bc92:21550
[   24982ms] [ERROR] Access to XMLHttpRequest at 'http://w2676:8000/api/wp-sites/69d4ab2cc4f362ba3b727a3c/posts?per_page=20&page=1' from origin 'http://w2676:5173' has been blocked by CORS policy: No 'Access-Control-Allow-Origin' header is present on the requested resource. @ http://w2676:5173/projects/69d4dff2e7de1724c0e1b51e:0
[   24983ms] [ERROR] Failed to load all posts: AxiosError: Network Error
    at XMLHttpRequest.handleError (http://w2676:5173/node_modules/.vite/deps/axios.js?v=99e4bc92:1717:19)
    at Axios.request (http://w2676:5173/node_modules/.vite/deps/axios.js?v=99e4bc92:2330:41)
    at async loadAllPosts (http://w2676:5173/src/components/Projects/ProjectDetail.jsx?t=1776177686127:279:24) @ http://w2676:5173/src/components/Projects/ProjectDetail.jsx?t=1776177686127:304
[   24984ms] [ERROR] Failed to load resource: net::ERR_FAILED @ http://w2676:8000/api/wp-sites/69d4ab2cc4f362ba3b727a3c/posts?per_page=20&page=1:0
[   25848ms] [ERROR] Access to XMLHttpRequest at 'http://w2676:8000/api/wp-sites/69d4ab2cc4f362ba3b727a3c/posts?per_page=20&page=1' from origin 'http://w2676:5173' has been blocked by CORS policy: No 'Access-Control-Allow-Origin' header is present on the requested resource. @ http://w2676:5173/projects/69d4dff2e7de1724c0e1b51e:0
[   25848ms] [ERROR] Failed to load all posts: AxiosError: Network Error
    at XMLHttpRequest.handleError (http://w2676:5173/node_modules/.vite/deps/axios.js?v=99e4bc92:1717:19)
    at Axios.request (http://w2676:5173/node_modules/.vite/deps/axios.js?v=99e4bc92:2330:41)
    at async loadAllPosts (http://w2676:5173/src/components/Projects/ProjectDetail.jsx?t=1776177686127:279:24) @ http://w2676:5173/src/components/Projects/ProjectDetail.jsx?t=1776177686127:304
[   25848ms] [ERROR] Failed to load resource: net::ERR_FAILED @ http://w2676:8000/api/wp-sites/69d4ab2cc4f362ba3b727a3c/posts?per_page=20&page=1:0
[   25859ms] [ERROR] Access to XMLHttpRequest at 'http://w2676:8000/api/wp-sites/69d4ab2cc4f362ba3b727a3c/posts?per_page=20&page=1' from origin 'http://w2676:5173' has been blocked by CORS policy: No 'Access-Control-Allow-Origin' header is present on the requested resource. @ http://w2676:5173/projects/69d4dff2e7de1724c0e1b51e:0
[   25860ms] [ERROR] Failed to load all posts: AxiosError: Network Error
    at XMLHttpRequest.handleError (http://w2676:5173/node_modules/.vite/deps/axios.js?v=99e4bc92:1717:19)
    at Axios.request (http://w2676:5173/node_modules/.vite/deps/axios.js?v=99e4bc92:2330:41)
    at async loadAllPosts (http://w2676:5173/src/components/Projects/ProjectDetail.jsx?t=1776177686127:279:24) @ http://w2676:5173/src/components/Projects/ProjectDetail.jsx?t=1776177686127:304
[   25860ms] [ERROR] Failed to load resource: net::ERR_FAILED @ http://w2676:8000/api/wp-sites/69d4ab2cc4f362ba3b727a3c/posts?per_page=20&page=1:0
[   28964ms] [ERROR] Access to XMLHttpRequest at 'http://w2676:8000/api/wp-sites/69d4ab2cc4f362ba3b727a3c/posts?per_page=20&page=1' from origin 'http://w2676:5173' has been blocked by CORS policy: No 'Access-Control-Allow-Origin' header is present on the requested resource. @ http://w2676:5173/projects/69d4dff2e7de1724c0e1b51e:0
[   28965ms] [ERROR] Failed to load all posts: AxiosError: Network Error
    at XMLHttpRequest.handleError (http://w2676:5173/node_modules/.vite/deps/axios.js?v=99e4bc92:1717:19)
    at Axios.request (http://w2676:5173/node_modules/.vite/deps/axios.js?v=99e4bc92:2330:41)
    at async loadAllPosts (http://w2676:5173/src/components/Projects/ProjectDetail.jsx?t=1776177686127:279:24) @ http://w2676:5173/src/components/Projects/ProjectDetail.jsx?t=1776177686127:304
[   28966ms] [ERROR] Failed to load resource: net::ERR_FAILED @ http://w2676:8000/api/wp-sites/69d4ab2cc4f362ba3b727a3c/posts?per_page=20&page=1:0
[   28977ms] [ERROR] Access to XMLHttpRequest at 'http://w2676:8000/api/wp-sites/69d4ab2cc4f362ba3b727a3c/posts?per_page=20&page=1' from origin 'http://w2676:5173' has been blocked by CORS policy: No 'Access-Control-Allow-Origin' header is present on the requested resource. @ http://w2676:5173/projects/69d4dff2e7de1724c0e1b51e:0
[   28977ms] [ERROR] Failed to load all posts: AxiosError: Network Error
    at XMLHttpRequest.handleError (http://w2676:5173/node_modules/.vite/deps/axios.js?v=99e4bc92:1717:19)
    at Axios.request (http://w2676:5173/node_modules/.vite/deps/axios.js?v=99e4bc92:2330:41)
    at async loadAllPosts (http://w2676:5173/src/components/Projects/ProjectDetail.jsx?t=1776177686127:279:24) @ http://w2676:5173/src/components/Projects/ProjectDetail.jsx?t=1776177686127:304
[   28978ms] [ERROR] Failed to load resource: net::ERR_FAILED @ http://w2676:8000/api/wp-sites/69d4ab2cc4f362ba3b727a3c/posts?per_page=20&page=1:0
[   32076ms] [ERROR] Access to XMLHttpRequest at 'http://w2676:8000/api/wp-sites/69d4ab2cc4f362ba3b727a3c/posts?per_page=20&page=1' from origin 'http://w2676:5173' has been blocked by CORS policy: No 'Access-Control-Allow-Origin' header is present on the requested resource. @ http://w2676:5173/projects/69d4dff2e7de1724c0e1b51e:0
[   32076ms] [ERROR] Failed to load all posts: AxiosError: Network Error
    at XMLHttpRequest.handleError (http://w2676:5173/node_modules/.vite/deps/axios.js?v=99e4bc92:1717:19)
    at Axios.request (http://w2676:5173/node_modules/.vite/deps/axios.js?v=99e4bc92:2330:41)
    at async loadAllPosts (http://w2676:5173/src/components/Projects/ProjectDetail.jsx?t=1776177686127:279:24) @ http://w2676:5173/src/components/Projects/ProjectDetail.jsx?t=1776177686127:304
[   32077ms] [ERROR] Failed to load resource: net::ERR_FAILED @ http://w2676:8000/api/wp-sites/69d4ab2cc4f362ba3b727a3c/posts?per_page=20&page=1:0
[   32088ms] [ERROR] Access to XMLHttpRequest at 'http://w2676:8000/api/wp-sites/69d4ab2cc4f362ba3b727a3c/posts?per_page=20&page=1' from origin 'http://w2676:5173' has been blocked by CORS policy: No 'Access-Control-Allow-Origin' header is present on the requested resource. @ http://w2676:5173/projects/69d4dff2e7de1724c0e1b51e:0
[   32088ms] [ERROR] Failed to load all posts: AxiosError: Network Error
    at XMLHttpRequest.handleError (http://w2676:5173/node_modules/.vite/deps/axios.js?v=99e4bc92:1717:19)
    at Axios.request (http://w2676:5173/node_modules/.vite/deps/axios.js?v=99e4bc92:2330:41)
    at async loadAllPosts (http://w2676:5173/src/components/Projects/ProjectDetail.jsx?t=1776177686127:279:24) @ http://w2676:5173/src/components/Projects/ProjectDetail.jsx?t=1776177686127:304
[   32089ms] [ERROR] Failed to load resource: net::ERR_FAILED @ http://w2676:8000/api/wp-sites/69d4ab2cc4f362ba3b727a3c/posts?per_page=20&page=1:0
[   35192ms] [ERROR] Access to XMLHttpRequest at 'http://w2676:8000/api/wp-sites/69d4ab2cc4f362ba3b727a3c/posts?per_page=20&page=1' from origin 'http://w2676:5173' has been blocked by CORS policy: No 'Access-Control-Allow-Origin' header is present on the requested resource. @ http://w2676:5173/projects/69d4dff2e7de1724c0e1b51e:0
[   35192ms] [ERROR] Failed to load all posts: AxiosError: Network Error
    at XMLHttpRequest.handleError (http://w2676:5173/node_modules/.vite/deps/axios.js?v=99e4bc92:1717:19)
    at Axios.request (http://w2676:5173/node_modules/.vite/deps/axios.js?v=99e4bc92:2330:41)
    at async loadAllPosts (http://w2676:5173/src/components/Projects/ProjectDetail.jsx?t=1776177686127:279:24) @ http://w2676:5173/src/components/Projects/ProjectDetail.jsx?t=1776177686127:304
[   35192ms] [ERROR] Failed to load resource: net::ERR_FAILED @ http://w2676:8000/api/wp-sites/69d4ab2cc4f362ba3b727a3c/posts?per_page=20&page=1:0
[   35204ms] [ERROR] Access to XMLHttpRequest at 'http://w2676:8000/api/wp-sites/69d4ab2cc4f362ba3b727a3c/posts?per_page=20&page=1' from origin 'http://w2676:5173' has been blocked by CORS policy: No 'Access-Control-Allow-Origin' header is present on the requested resource. @ http://w2676:5173/projects/69d4dff2e7de1724c0e1b51e:0
[   35204ms] [ERROR] Failed to load all posts: AxiosError: Network Error
    at XMLHttpRequest.handleError (http://w2676:5173/node_modules/.vite/deps/axios.js?v=99e4bc92:1717:19)
    at Axios.request (http://w2676:5173/node_modules/.vite/deps/axios.js?v=99e4bc92:2330:41)
    at async loadAllPosts (http://w2676:5173/src/components/Projects/ProjectDetail.jsx?t=1776177686127:279:24) @ http://w2676:5173/src/components/Projects/ProjectDetail.jsx?t=1776177686127:304
[   35205ms] [ERROR] Failed to load resource: net::ERR_FAILED @ http://w2676:8000/api/wp-sites/69d4ab2cc4f362ba3b727a3c/posts?per_page=20&page=1:0
[   38308ms] [ERROR] Access to XMLHttpRequest at 'http://w2676:8000/api/wp-sites/69d4ab2cc4f362ba3b727a3c/posts?per_page=20&page=1' from origin 'http://w2676:5173' has been blocked by CORS policy: No 'Access-Control-Allow-Origin' header is present on the requested resource. @ http://w2676:5173/projects/69d4dff2e7de1724c0e1b51e:0
[   38309ms] [ERROR] Failed to load all posts: AxiosError: Network Error
    at XMLHttpRequest.handleError (http://w2676:5173/node_modules/.vite/deps/axios.js?v=99e4bc92:1717:19)
    at Axios.request (http://w2676:5173/node_modules/.vite/deps/axios.js?v=99e4bc92:2330:41)
    at async loadAllPosts (http://w2676:5173/src/components/Projects/ProjectDetail.jsx?t=1776177686127:279:24) @ http://w2676:5173/src/components/Projects/ProjectDetail.jsx?t=1776177686127:304
[   38309ms] [ERROR] Failed to load resource: net::ERR_FAILED @ http://w2676:8000/api/wp-sites/69d4ab2cc4f362ba3b727a3c/posts?per_page=20&page=1:0
[   38320ms] [ERROR] Access to XMLHttpRequest at 'http://w2676:8000/api/wp-sites/69d4ab2cc4f362ba3b727a3c/posts?per_page=20&page=1' from origin 'http://w2676:5173' has been blocked by CORS policy: No 'Access-Control-Allow-Origin' header is present on the requested resource. @ http://w2676:5173/projects/69d4dff2e7de1724c0e1b51e:0
[   38321ms] [ERROR] Failed to load all posts: AxiosError: Network Error
    at XMLHttpRequest.handleError (http://w2676:5173/node_modules/.vite/deps/axios.js?v=99e4bc92:1717:19)
    at Axios.request (http://w2676:5173/node_modules/.vite/deps/axios.js?v=99e4bc92:2330:41)
    at async loadAllPosts (http://w2676:5173/src/components/Projects/ProjectDetail.jsx?t=1776177686127:279:24) @ http://w2676:5173/src/components/Projects/ProjectDetail.jsx?t=1776177686127:304
[   38321ms] [ERROR] Failed to load resource: net::ERR_FAILED @ http://w2676:8000/api/wp-sites/69d4ab2cc4f362ba3b727a3c/posts?per_page=20&page=1:0
[   41421ms] [ERROR] Access to XMLHttpRequest at 'http://w2676:8000/api/wp-sites/69d4ab2cc4f362ba3b727a3c/posts?per_page=20&page=1' from origin 'http://w2676:5173' has been blocked by CORS policy: No 'Access-Control-Allow-Origin' header is present on the requested resource. @ http://w2676:5173/projects/69d4dff2e7de1724c0e1b51e:0
[   41421ms] [ERROR] Failed to load all posts: AxiosError: Network Error
    at XMLHttpRequest.handleError (http://w2676:5173/node_modules/.vite/deps/axios.js?v=99e4bc92:1717:19)
    at Axios.request (http://w2676:5173/node_modules/.vite/deps/axios.js?v=99e4bc92:2330:41)
    at async loadAllPosts (http://w2676:5173/src/components/Projects/ProjectDetail.jsx?t=1776177686127:279:24) @ http://w2676:5173/src/components/Projects/ProjectDetail.jsx?t=1776177686127:304
[   41422ms] [ERROR] Failed to load resource: net::ERR_FAILED @ http://w2676:8000/api/wp-sites/69d4ab2cc4f362ba3b727a3c/posts?per_page=20&page=1:0
[   41439ms] [ERROR] Access to XMLHttpRequest at 'http://w2676:8000/api/wp-sites/69d4ab2cc4f362ba3b727a3c/posts?per_page=20&page=1' from origin 'http://w2676:5173' has been blocked by CORS policy: No 'Access-Control-Allow-Origin' header is present on the requested resource. @ http://w2676:5173/projects/69d4dff2e7de1724c0e1b51e:0
[   41439ms] [ERROR] Failed to load all posts: AxiosError: Network Error
    at XMLHttpRequest.handleError (http://w2676:5173/node_modules/.vite/deps/axios.js?v=99e4bc92:1717:19)
    at Axios.request (http://w2676:5173/node_modules/.vite/deps/axios.js?v=99e4bc92:2330:41)
    at async loadAllPosts (http://w2676:5173/src/components/Projects/ProjectDetail.jsx?t=1776177686127:279:24) @ http://w2676:5173/src/components/Projects/ProjectDetail.jsx?t=1776177686127:304
[   41439ms] [ERROR] Failed to load resource: net::ERR_FAILED @ http://w2676:8000/api/wp-sites/69d4ab2cc4f362ba3b727a3c/posts?per_page=20&page=1:0
[   44538ms] [ERROR] Access to XMLHttpRequest at 'http://w2676:8000/api/wp-sites/69d4ab2cc4f362ba3b727a3c/posts?per_page=20&page=1' from origin 'http://w2676:5173' has been blocked by CORS policy: No 'Access-Control-Allow-Origin' header is present on the requested resource. @ http://w2676:5173/projects/69d4dff2e7de1724c0e1b51e:0
[   44539ms] [ERROR] Failed to load all posts: AxiosError: Network Error
    at XMLHttpRequest.handleError (http://w2676:5173/node_modules/.vite/deps/axios.js?v=99e4bc92:1717:19)
    at Axios.request (http://w2676:5173/node_modules/.vite/deps/axios.js?v=99e4bc92:2330:41)
    at async loadAllPosts (http://w2676:5173/src/components/Projects/ProjectDetail.jsx?t=1776177686127:279:24) @ http://w2676:5173/src/components/Projects/ProjectDetail.jsx?t=1776177686127:304
[   44539ms] [ERROR] Failed to load resource: net::ERR_FAILED @ http://w2676:8000/api/wp-sites/69d4ab2cc4f362ba3b727a3c/posts?per_page=20&page=1:0
[   44550ms] [ERROR] Access to XMLHttpRequest at 'http://w2676:8000/api/wp-sites/69d4ab2cc4f362ba3b727a3c/posts?per_page=20&page=1' from origin 'http://w2676:5173' has been blocked by CORS policy: No 'Access-Control-Allow-Origin' header is present on the requested resource. @ http://w2676:5173/projects/69d4dff2e7de1724c0e1b51e:0
[   44551ms] [ERROR] Failed to load all posts: AxiosError: Network Error
    at XMLHttpRequest.handleError (http://w2676:5173/node_modules/.vite/deps/axios.js?v=99e4bc92:1717:19)
    at Axios.request (http://w2676:5173/node_modules/.vite/deps/axios.js?v=99e4bc92:2330:41)
    at async loadAllPosts (http://w2676:5173/src/components/Projects/ProjectDetail.jsx?t=1776177686127:279:24) @ http://w2676:5173/src/components/Projects/ProjectDetail.jsx?t=1776177686127:304
[   44551ms] [ERROR] Failed to load resource: net::ERR_FAILED @ http://w2676:8000/api/wp-sites/69d4ab2cc4f362ba3b727a3c/posts?per_page=20&page=1:0
[   47663ms] [ERROR] Access to XMLHttpRequest at 'http://w2676:8000/api/wp-sites/69d4ab2cc4f362ba3b727a3c/posts?per_page=20&page=1' from origin 'http://w2676:5173' has been blocked by CORS policy: No 'Access-Control-Allow-Origin' header is present on the requested resource. @ http://w2676:5173/projects/69d4dff2e7de1724c0e1b51e:0
[   47663ms] [ERROR] Failed to load all posts: AxiosError: Network Error
    at XMLHttpRequest.handleError (http://w2676:5173/node_modules/.vite/deps/axios.js?v=99e4bc92:1717:19)
    at Axios.request (http://w2676:5173/node_modules/.vite/deps/axios.js?v=99e4bc92:2330:41)
    at async loadAllPosts (http://w2676:5173/src/components/Projects/ProjectDetail.jsx?t=1776177686127:279:24) @ http://w2676:5173/src/components/Projects/ProjectDetail.jsx?t=1776177686127:304
[   47664ms] [ERROR] Failed to load resource: net::ERR_FAILED @ http://w2676:8000/api/wp-sites/69d4ab2cc4f362ba3b727a3c/posts?per_page=20&page=1:0
[   47675ms] [ERROR] Access to XMLHttpRequest at 'http://w2676:8000/api/wp-sites/69d4ab2cc4f362ba3b727a3c/posts?per_page=20&page=1' from origin 'http://w2676:5173' has been blocked by CORS policy: No 'Access-Control-Allow-Origin' header is present on the requested resource. @ http://w2676:5173/projects/69d4dff2e7de1724c0e1b51e:0
[   47675ms] [ERROR] Failed to load all posts: AxiosError: Network Error
    at XMLHttpRequest.handleError (http://w2676:5173/node_modules/.vite/deps/axios.js?v=99e4bc92:1717:19)
    at Axios.request (http://w2676:5173/node_modules/.vite/deps/axios.js?v=99e4bc92:2330:41)
    at async loadAllPosts (http://w2676:5173/src/components/Projects/ProjectDetail.jsx?t=1776177686127:279:24) @ http://w2676:5173/src/components/Projects/ProjectDetail.jsx?t=1776177686127:304
[   47675ms] [ERROR] Failed to load resource: net::ERR_FAILED @ http://w2676:8000/api/wp-sites/69d4ab2cc4f362ba3b727a3c/posts?per_page=20&page=1:0
[   50777ms] [ERROR] Access to XMLHttpRequest at 'http://w2676:8000/api/wp-sites/69d4ab2cc4f362ba3b727a3c/posts?per_page=20&page=1' from origin 'http://w2676:5173' has been blocked by CORS policy: No 'Access-Control-Allow-Origin' header is present on the requested resource. @ http://w2676:5173/projects/69d4dff2e7de1724c0e1b51e:0
[   50777ms] [ERROR] Failed to load all posts: AxiosError: Network Error
    at XMLHttpRequest.handleError (http://w2676:5173/node_modules/.vite/deps/axios.js?v=99e4bc92:1717:19)
    at Axios.request (http://w2676:5173/node_modules/.vite/deps/axios.js?v=99e4bc92:2330:41)
    at async loadAllPosts (http://w2676:5173/src/components/Projects/ProjectDetail.jsx?t=1776177686127:279:24) @ http://w2676:5173/src/components/Projects/ProjectDetail.jsx?t=1776177686127:304
[   50777ms] [ERROR] Failed to load resource: net::ERR_FAILED @ http://w2676:8000/api/wp-sites/69d4ab2cc4f362ba3b727a3c/posts?per_page=20&page=1:0
[   50789ms] [ERROR] Access to XMLHttpRequest at 'http://w2676:8000/api/wp-sites/69d4ab2cc4f362ba3b727a3c/posts?per_page=20&page=1' from origin 'http://w2676:5173' has been blocked by CORS policy: No 'Access-Control-Allow-Origin' header is present on the requested resource. @ http://w2676:5173/projects/69d4dff2e7de1724c0e1b51e:0
[   50789ms] [ERROR] Failed to load all posts: AxiosError: Network Error
    at XMLHttpRequest.handleError (http://w2676:5173/node_modules/.vite/deps/axios.js?v=99e4bc92:1717:19)
    at Axios.request (http://w2676:5173/node_modules/.vite/deps/axios.js?v=99e4bc92:2330:41)
    at async loadAllPosts (http://w2676:5173/src/components/Projects/ProjectDetail.jsx?t=1776177686127:279:24) @ http://w2676:5173/src/components/Projects/ProjectDetail.jsx?t=1776177686127:304
[   50790ms] [ERROR] Failed to load resource: net::ERR_FAILED @ http://w2676:8000/api/wp-sites/69d4ab2cc4f362ba3b727a3c/posts?per_page=20&page=1:0
[   53899ms] [ERROR] Access to XMLHttpRequest at 'http://w2676:8000/api/wp-sites/69d4ab2cc4f362ba3b727a3c/posts?per_page=20&page=1' from origin 'http://w2676:5173' has been blocked by CORS policy: No 'Access-Control-Allow-Origin' header is present on the requested resource. @ http://w2676:5173/projects/69d4dff2e7de1724c0e1b51e:0
[   53899ms] [ERROR] Failed to load all posts: AxiosError: Network Error
    at XMLHttpRequest.handleError (http://w2676:5173/node_modules/.vite/deps/axios.js?v=99e4bc92:1717:19)
    at Axios.request (http://w2676:5173/node_modules/.vite/deps/axios.js?v=99e4bc92:2330:41)
    at async loadAllPosts (http://w2676:5173/src/components/Projects/ProjectDetail.jsx?t=1776177686127:279:24) @ http://w2676:5173/src/components/Projects/ProjectDetail.jsx?t=1776177686127:304
[   53900ms] [ERROR] Failed to load resource: net::ERR_FAILED @ http://w2676:8000/api/wp-sites/69d4ab2cc4f362ba3b727a3c/posts?per_page=20&page=1:0
[   53907ms] [ERROR] Access to XMLHttpRequest at 'http://w2676:8000/api/wp-sites/69d4ab2cc4f362ba3b727a3c/posts?per_page=20&page=1' from origin 'http://w2676:5173' has been blocked by CORS policy: No 'Access-Control-Allow-Origin' header is present on the requested resource. @ http://w2676:5173/projects/69d4dff2e7de1724c0e1b51e:0
[   53908ms] [ERROR] Failed to load all posts: AxiosError: Network Error
    at XMLHttpRequest.handleError (http://w2676:5173/node_modules/.vite/deps/axios.js?v=99e4bc92:1717:19)
    at Axios.request (http://w2676:5173/node_modules/.vite/deps/axios.js?v=99e4bc92:2330:41)
    at async loadAllPosts (http://w2676:5173/src/components/Projects/ProjectDetail.jsx?t=1776177686127:279:24) @ http://w2676:5173/src/components/Projects/ProjectDetail.jsx?t=1776177686127:304
[   53908ms] [ERROR] Failed to load resource: net::ERR_FAILED @ http://w2676:8000/api/wp-sites/69d4ab2cc4f362ba3b727a3c/posts?per_page=20&page=1:0
[   57014ms] [ERROR] Access to XMLHttpRequest at 'http://w2676:8000/api/wp-sites/69d4ab2cc4f362ba3b727a3c/posts?per_page=20&page=1' from origin 'http://w2676:5173' has been blocked by CORS policy: No 'Access-Control-Allow-Origin' header is present on the requested resource. @ http://w2676:5173/projects/69d4dff2e7de1724c0e1b51e:0
[   57014ms] [ERROR] Failed to load all posts: AxiosError: Network Error
    at XMLHttpRequest.handleError (http://w2676:5173/node_modules/.vite/deps/axios.js?v=99e4bc92:1717:19)
    at Axios.request (http://w2676:5173/node_modules/.vite/deps/axios.js?v=99e4bc92:2330:41)
    at async loadAllPosts (http://w2676:5173/src/components/Projects/ProjectDetail.jsx?t=1776177686127:279:24) @ http://w2676:5173/src/components/Projects/ProjectDetail.jsx?t=1776177686127:304
[   57015ms] [ERROR] Failed to load resource: net::ERR_FAILED @ http://w2676:8000/api/wp-sites/69d4ab2cc4f362ba3b727a3c/posts?per_page=20&page=1:0
[   57024ms] [ERROR] Access to XMLHttpRequest at 'http://w2676:8000/api/wp-sites/69d4ab2cc4f362ba3b727a3c/posts?per_page=20&page=1' from origin 'http://w2676:5173' has been blocked by CORS policy: No 'Access-Control-Allow-Origin' header is present on the requested resource. @ http://w2676:5173/projects/69d4dff2e7de1724c0e1b51e:0
[   57024ms] [ERROR] Failed to load all posts: AxiosError: Network Error
    at XMLHttpRequest.handleError (http://w2676:5173/node_modules/.vite/deps/axios.js?v=99e4bc92:1717:19)
    at Axios.request (http://w2676:5173/node_modules/.vite/deps/axios.js?v=99e4bc92:2330:41)
    at async loadAllPosts (http://w2676:5173/src/components/Projects/ProjectDetail.jsx?t=1776177686127:279:24) @ http://w2676:5173/src/components/Projects/ProjectDetail.jsx?t=1776177686127:304
[   57024ms] [ERROR] Failed to load resource: net::ERR_FAILED @ http://w2676:8000/api/wp-sites/69d4ab2cc4f362ba3b727a3c/posts?per_page=20&page=1:0
[   60131ms] [ERROR] Access to XMLHttpRequest at 'http://w2676:8000/api/wp-sites/69d4ab2cc4f362ba3b727a3c/posts?per_page=20&page=1' from origin 'http://w2676:5173' has been blocked by CORS policy: No 'Access-Control-Allow-Origin' header is present on the requested resource. @ http://w2676:5173/projects/69d4dff2e7de1724c0e1b51e:0
[   60131ms] [ERROR] Failed to load all posts: AxiosError: Network Error
    at XMLHttpRequest.handleError (http://w2676:5173/node_modules/.vite/deps/axios.js?v=99e4bc92:1717:19)
    at Axios.request (http://w2676:5173/node_modules/.vite/deps/axios.js?v=99e4bc92:2330:41)
    at async loadAllPosts (http://w2676:5173/src/components/Projects/ProjectDetail.jsx?t=1776177686127:279:24) @ http://w2676:5173/src/components/Projects/ProjectDetail.jsx?t=1776177686127:304
[   60132ms] [ERROR] Failed to load resource: net::ERR_FAILED @ http://w2676:8000/api/wp-sites/69d4ab2cc4f362ba3b727a3c/posts?per_page=20&page=1:0
[   60142ms] [ERROR] Access to XMLHttpRequest at 'http://w2676:8000/api/wp-sites/69d4ab2cc4f362ba3b727a3c/posts?per_page=20&page=1' from origin 'http://w2676:5173' has been blocked by CORS policy: No 'Access-Control-Allow-Origin' header is present on the requested resource. @ http://w2676:5173/projects/69d4dff2e7de1724c0e1b51e:0
[   60143ms] [ERROR] Failed to load all posts: AxiosError: Network Error
    at XMLHttpRequest.handleError (http://w2676:5173/node_modules/.vite/deps/axios.js?v=99e4bc92:1717:19)
    at Axios.request (http://w2676:5173/node_modules/.vite/deps/axios.js?v=99e4bc92:2330:41)
    at async loadAllPosts (http://w2676:5173/src/components/Projects/ProjectDetail.jsx?t=1776177686127:279:24) @ http://w2676:5173/src/components/Projects/ProjectDetail.jsx?t=1776177686127:304
[   60143ms] [ERROR] Failed to load resource: net::ERR_FAILED @ http://w2676:8000/api/wp-sites/69d4ab2cc4f362ba3b727a3c/posts?per_page=20&page=1:0
[   63255ms] [ERROR] Access to XMLHttpRequest at 'http://w2676:8000/api/wp-sites/69d4ab2cc4f362ba3b727a3c/posts?per_page=20&page=1' from origin 'http://w2676:5173' has been blocked by CORS policy: No 'Access-Control-Allow-Origin' header is present on the requested resource. @ http://w2676:5173/projects/69d4dff2e7de1724c0e1b51e:0
[   63255ms] [ERROR] Failed to load all posts: AxiosError: Network Error
    at XMLHttpRequest.handleError (http://w2676:5173/node_modules/.vite/deps/axios.js?v=99e4bc92:1717:19)
    at Axios.request (http://w2676:5173/node_modules/.vite/deps/axios.js?v=99e4bc92:2330:41)
    at async loadAllPosts (http://w2676:5173/src/components/Projects/ProjectDetail.jsx?t=1776177686127:279:24) @ http://w2676:5173/src/components/Projects/ProjectDetail.jsx?t=1776177686127:304
[   63256ms] [ERROR] Failed to load resource: net::ERR_FAILED @ http://w2676:8000/api/wp-sites/69d4ab2cc4f362ba3b727a3c/posts?per_page=20&page=1:0
[   63267ms] [ERROR] Access to XMLHttpRequest at 'http://w2676:8000/api/wp-sites/69d4ab2cc4f362ba3b727a3c/posts?per_page=20&page=1' from origin 'http://w2676:5173' has been blocked by CORS policy: No 'Access-Control-Allow-Origin' header is present on the requested resource. @ http://w2676:5173/projects/69d4dff2e7de1724c0e1b51e:0
[   63268ms] [ERROR] Failed to load all posts: AxiosError: Network Error
    at XMLHttpRequest.handleError (http://w2676:5173/node_modules/.vite/deps/axios.js?v=99e4bc92:1717:19)
    at Axios.request (http://w2676:5173/node_modules/.vite/deps/axios.js?v=99e4bc92:2330:41)
    at async loadAllPosts (http://w2676:5173/src/components/Projects/ProjectDetail.jsx?t=1776177686127:279:24) @ http://w2676:5173/src/components/Projects/ProjectDetail.jsx?t=1776177686127:304
[   63268ms] [ERROR] Failed to load resource: net::ERR_FAILED @ http://w2676:8000/api/wp-sites/69d4ab2cc4f362ba3b727a3c/posts?per_page=20&page=1:0
[   66379ms] [ERROR] Access to XMLHttpRequest at 'http://w2676:8000/api/wp-sites/69d4ab2cc4f362ba3b727a3c/posts?per_page=20&page=1' from origin 'http://w2676:5173' has been blocked by CORS policy: No 'Access-Control-Allow-Origin' header is present on the requested resource. @ http://w2676:5173/projects/69d4dff2e7de1724c0e1b51e:0
[   66379ms] [ERROR] Failed to load all posts: AxiosError: Network Error
    at XMLHttpRequest.handleError (http://w2676:5173/node_modules/.vite/deps/axios.js?v=99e4bc92:1717:19)
    at Axios.request (http://w2676:5173/node_modules/.vite/deps/axios.js?v=99e4bc92:2330:41)
    at async loadAllPosts (http://w2676:5173/src/components/Projects/ProjectDetail.jsx?t=1776177686127:279:24) @ http://w2676:5173/src/components/Projects/ProjectDetail.jsx?t=1776177686127:304
[   66380ms] [ERROR] Failed to load resource: net::ERR_FAILED @ http://w2676:8000/api/wp-sites/69d4ab2cc4f362ba3b727a3c/posts?per_page=20&page=1:0
[   66391ms] [ERROR] Access to XMLHttpRequest at 'http://w2676:8000/api/wp-sites/69d4ab2cc4f362ba3b727a3c/posts?per_page=20&page=1' from origin 'http://w2676:5173' has been blocked by CORS policy: No 'Access-Control-Allow-Origin' header is present on the requested resource. @ http://w2676:5173/projects/69d4dff2e7de1724c0e1b51e:0
[   66391ms] [ERROR] Failed to load all posts: AxiosError: Network Error
    at XMLHttpRequest.handleError (http://w2676:5173/node_modules/.vite/deps/axios.js?v=99e4bc92:1717:19)
    at Axios.request (http://w2676:5173/node_modules/.vite/deps/axios.js?v=99e4bc92:2330:41)
    at async loadAllPosts (http://w2676:5173/src/components/Projects/ProjectDetail.jsx?t=1776177686127:279:24) @ http://w2676:5173/src/components/Projects/ProjectDetail.jsx?t=1776177686127:304
[   66392ms] [ERROR] Failed to load resource: net::ERR_FAILED @ http://w2676:8000/api/wp-sites/69d4ab2cc4f362ba3b727a3c/posts?per_page=20&page=1:0
[   69513ms] [ERROR] Access to XMLHttpRequest at 'http://w2676:8000/api/wp-sites/69d4ab2cc4f362ba3b727a3c/posts?per_page=20&page=1' from origin 'http://w2676:5173' has been blocked by CORS policy: No 'Access-Control-Allow-Origin' header is present on the requested resource. @ http://w2676:5173/projects/69d4dff2e7de1724c0e1b51e:0
[   69514ms] [ERROR] Failed to load all posts: AxiosError: Network Error
    at XMLHttpRequest.handleError (http://w2676:5173/node_modules/.vite/deps/axios.js?v=99e4bc92:1717:19)
    at Axios.request (http://w2676:5173/node_modules/.vite/deps/axios.js?v=99e4bc92:2330:41)
    at async loadAllPosts (http://w2676:5173/src/components/Projects/ProjectDetail.jsx?t=1776177686127:279:24) @ http://w2676:5173/src/components/Projects/ProjectDetail.jsx?t=1776177686127:304
[   69514ms] [ERROR] Failed to load resource: net::ERR_FAILED @ http://w2676:8000/api/wp-sites/69d4ab2cc4f362ba3b727a3c/posts?per_page=20&page=1:0
[   69525ms] [ERROR] Access to XMLHttpRequest at 'http://w2676:8000/api/wp-sites/69d4ab2cc4f362ba3b727a3c/posts?per_page=20&page=1' from origin 'http://w2676:5173' has been blocked by CORS policy: No 'Access-Control-Allow-Origin' header is present on the requested resource. @ http://w2676:5173/projects/69d4dff2e7de1724c0e1b51e:0
[   69526ms] [ERROR] Failed to load all posts: AxiosError: Network Error
    at XMLHttpRequest.handleError (http://w2676:5173/node_modules/.vite/deps/axios.js?v=99e4bc92:1717:19)
    at Axios.request (http://w2676:5173/node_modules/.vite/deps/axios.js?v=99e4bc92:2330:41)
    at async loadAllPosts (http://w2676:5173/src/components/Projects/ProjectDetail.jsx?t=1776177686127:279:24) @ http://w2676:5173/src/components/Projects/ProjectDetail.jsx?t=1776177686127:304
[   69526ms] [ERROR] Failed to load resource: net::ERR_FAILED @ http://w2676:8000/api/wp-sites/69d4ab2cc4f362ba3b727a3c/posts?per_page=20&page=1:0
[   72623ms] [ERROR] Access to XMLHttpRequest at 'http://w2676:8000/api/wp-sites/69d4ab2cc4f362ba3b727a3c/posts?per_page=20&page=1' from origin 'http://w2676:5173' has been blocked by CORS policy: No 'Access-Control-Allow-Origin' header is present on the requested resource. @ http://w2676:5173/projects/69d4dff2e7de1724c0e1b51e:0
[   72623ms] [ERROR] Failed to load all posts: AxiosError: Network Error
    at XMLHttpRequest.handleError (http://w2676:5173/node_modules/.vite/deps/axios.js?v=99e4bc92:1717:19)
    at Axios.request (http://w2676:5173/node_modules/.vite/deps/axios.js?v=99e4bc92:2330:41)
    at async loadAllPosts (http://w2676:5173/src/components/Projects/ProjectDetail.jsx?t=1776177686127:279:24) @ http://w2676:5173/src/components/Projects/ProjectDetail.jsx?t=1776177686127:304
[   72624ms] [ERROR] Failed to load resource: net::ERR_FAILED @ http://w2676:8000/api/wp-sites/69d4ab2cc4f362ba3b727a3c/posts?per_page=20&page=1:0
[   72636ms] [ERROR] Access to XMLHttpRequest at 'http://w2676:8000/api/wp-sites/69d4ab2cc4f362ba3b727a3c/posts?per_page=20&page=1' from origin 'http://w2676:5173' has been blocked by CORS policy: No 'Access-Control-Allow-Origin' header is present on the requested resource. @ http://w2676:5173/projects/69d4dff2e7de1724c0e1b51e:0
[   72636ms] [ERROR] Failed to load all posts: AxiosError: Network Error
    at XMLHttpRequest.handleError (http://w2676:5173/node_modules/.vite/deps/axios.js?v=99e4bc92:1717:19)
    at Axios.request (http://w2676:5173/node_modules/.vite/deps/axios.js?v=99e4bc92:2330:41)
    at async loadAllPosts (http://w2676:5173/src/components/Projects/ProjectDetail.jsx?t=1776177686127:279:24) @ http://w2676:5173/src/components/Projects/ProjectDetail.jsx?t=1776177686127:304
[   72636ms] [ERROR] Failed to load resource: net::ERR_FAILED @ http://w2676:8000/api/wp-sites/69d4ab2cc4f362ba3b727a3c/posts?per_page=20&page=1:0
[   75777ms] [ERROR] Access to XMLHttpRequest at 'http://w2676:8000/api/wp-sites/69d4ab2cc4f362ba3b727a3c/posts?per_page=20&page=1' from origin 'http://w2676:5173' has been blocked by CORS policy: No 'Access-Control-Allow-Origin' header is present on the requested resource. @ http://w2676:5173/projects/69d4dff2e7de1724c0e1b51e:0
[   75778ms] [ERROR] Failed to load all posts: AxiosError: Network Error
    at XMLHttpRequest.handleError (http://w2676:5173/node_modules/.vite/deps/axios.js?v=99e4bc92:1717:19)
    at Axios.request (http://w2676:5173/node_modules/.vite/deps/axios.js?v=99e4bc92:2330:41)
    at async loadAllPosts (http://w2676:5173/src/components/Projects/ProjectDetail.jsx?t=1776177686127:279:24) @ http://w2676:5173/src/components/Projects/ProjectDetail.jsx?t=1776177686127:304
[   75778ms] [ERROR] Failed to load resource: net::ERR_FAILED @ http://w2676:8000/api/wp-sites/69d4ab2cc4f362ba3b727a3c/posts?per_page=20&page=1:0
[   75787ms] [ERROR] Access to XMLHttpRequest at 'http://w2676:8000/api/wp-sites/69d4ab2cc4f362ba3b727a3c/posts?per_page=20&page=1' from origin 'http://w2676:5173' has been blocked by CORS policy: No 'Access-Control-Allow-Origin' header is present on the requested resource. @ http://w2676:5173/projects/69d4dff2e7de1724c0e1b51e:0
[   75787ms] [ERROR] Failed to load all posts: AxiosError: Network Error
    at XMLHttpRequest.handleError (http://w2676:5173/node_modules/.vite/deps/axios.js?v=99e4bc92:1717:19)
    at Axios.request (http://w2676:5173/node_modules/.vite/deps/axios.js?v=99e4bc92:2330:41)
    at async loadAllPosts (http://w2676:5173/src/components/Projects/ProjectDetail.jsx?t=1776177686127:279:24) @ http://w2676:5173/src/components/Projects/ProjectDetail.jsx?t=1776177686127:304
[   75788ms] [ERROR] Failed to load resource: net::ERR_FAILED @ http://w2676:8000/api/wp-sites/69d4ab2cc4f362ba3b727a3c/posts?per_page=20&page=1:0
[   78888ms] [ERROR] Access to XMLHttpRequest at 'http://w2676:8000/api/wp-sites/69d4ab2cc4f362ba3b727a3c/posts?per_page=20&page=1' from origin 'http://w2676:5173' has been blocked by CORS policy: No 'Access-Control-Allow-Origin' header is present on the requested resource. @ http://w2676:5173/projects/69d4dff2e7de1724c0e1b51e:0
[   78888ms] [ERROR] Failed to load all posts: AxiosError: Network Error
    at XMLHttpRequest.handleError (http://w2676:5173/node_modules/.vite/deps/axios.js?v=99e4bc92:1717:19)
    at Axios.request (http://w2676:5173/node_modules/.vite/deps/axios.js?v=99e4bc92:2330:41)
    at async loadAllPosts (http://w2676:5173/src/components/Projects/ProjectDetail.jsx?t=1776177686127:279:24) @ http://w2676:5173/src/components/Projects/ProjectDetail.jsx?t=1776177686127:304
[   78888ms] [ERROR] Failed to load resource: net::ERR_FAILED @ http://w2676:8000/api/wp-sites/69d4ab2cc4f362ba3b727a3c/posts?per_page=20&page=1:0
[   78900ms] [ERROR] Access to XMLHttpRequest at 'http://w2676:8000/api/wp-sites/69d4ab2cc4f362ba3b727a3c/posts?per_page=20&page=1' from origin 'http://w2676:5173' has been blocked by CORS policy: No 'Access-Control-Allow-Origin' header is present on the requested resource. @ http://w2676:5173/projects/69d4dff2e7de1724c0e1b51e:0
[   78900ms] [ERROR] Failed to load all posts: AxiosError: Network Error
    at XMLHttpRequest.handleError (http://w2676:5173/node_modules/.vite/deps/axios.js?v=99e4bc92:1717:19)
    at Axios.request (http://w2676:5173/node_modules/.vite/deps/axios.js?v=99e4bc92:2330:41)
    at async loadAllPosts (http://w2676:5173/src/components/Projects/ProjectDetail.jsx?t=1776177686127:279:24) @ http://w2676:5173/src/components/Projects/ProjectDetail.jsx?t=1776177686127:304
[   78900ms] [ERROR] Failed to load resource: net::ERR_FAILED @ http://w2676:8000/api/wp-sites/69d4ab2cc4f362ba3b727a3c/posts?per_page=20&page=1:0
[   84395ms] [ERROR] Failed to load all posts: TypeError: (response.data || []).map is not a function
    at loadAllPosts (http://w2676:5173/src/components/Projects/ProjectDetail.jsx?t=1776177686127:285:54) @ http://w2676:5173/src/components/Projects/ProjectDetail.jsx?t=1776177686127:304
[   85880ms] [ERROR] Failed to load all posts: TypeError: (response.data || []).map is not a function
    at loadAllPosts (http://w2676:5173/src/components/Projects/ProjectDetail.jsx?t=1776177686127:285:54) @ http://w2676:5173/src/components/Projects/ProjectDetail.jsx?t=1776177686127:304
[   87378ms] [ERROR] Failed to load all posts: TypeError: (response.data || []).map is not a function
    at loadAllPosts (http://w2676:5173/src/components/Projects/ProjectDetail.jsx?t=1776177686127:285:54) @ http://w2676:5173/src/components/Projects/ProjectDetail.jsx?t=1776177686127:304
[   90238ms] [ERROR] Failed to load all posts: TypeError: (response.data || []).map is not a function
    at loadAllPosts (http://w2676:5173/src/components/Projects/ProjectDetail.jsx?t=1776177686127:285:54) @ http://w2676:5173/src/components/Projects/ProjectDetail.jsx?t=1776177686127:304
[   92192ms] [ERROR] Failed to load all posts: TypeError: (response.data || []).map is not a function
    at loadAllPosts (http://w2676:5173/src/components/Projects/ProjectDetail.jsx?t=1776177686127:285:54) @ http://w2676:5173/src/components/Projects/ProjectDetail.jsx?t=1776177686127:304
