[     240ms] [INFO] %cDownload the React DevTools for a better development experience: https://reactjs.org/link/react-devtools font-weight:bold @ http://localhost:5173/node_modules/.vite/deps/chunk-PJEEZAML.js?v=97aa3f09:21550
[     522ms] [ERROR] Failed to load resource: the server responded with a status of 400 (Bad Request) @ http://100.99.179.63:8000/api/ai-providers/69e5110222fe4fa703ff35b2/models:0
[     555ms] [ERROR] Failed to fetch models for writing AxiosError: Request failed with status code 400
    at settle (http://localhost:5173/node_modules/.vite/deps/axios.js?v=574e0ab2:1319:7)
    at XMLHttpRequest.onloadend (http://localhost:5173/node_modules/.vite/deps/axios.js?v=574e0ab2:1682:7)
    at Axios.request (http://localhost:5173/node_modules/.vite/deps/axios.js?v=574e0ab2:2330:41)
    at async init (http://localhost:5173/src/components/Settings/DefaultModels.jsx?t=1776620455345:66:45) @ http://localhost:5173/src/components/Settings/DefaultModels.jsx?t=1776620455345:68
[     572ms] [ERROR] Failed to load resource: the server responded with a status of 400 (Bad Request) @ http://100.99.179.63:8000/api/ai-providers/69e5110222fe4fa703ff35b2/models:0
[     591ms] [ERROR] Failed to load resource: the server responded with a status of 400 (Bad Request) @ http://100.99.179.63:8000/api/ai-providers/69e5110222fe4fa703ff35b2/models:0
[     602ms] [ERROR] Failed to fetch models for writing AxiosError: Request failed with status code 400
    at settle (http://localhost:5173/node_modules/.vite/deps/axios.js?v=574e0ab2:1319:7)
    at XMLHttpRequest.onloadend (http://localhost:5173/node_modules/.vite/deps/axios.js?v=574e0ab2:1682:7)
    at Axios.request (http://localhost:5173/node_modules/.vite/deps/axios.js?v=574e0ab2:2330:41)
    at async init (http://localhost:5173/src/components/Settings/DefaultModels.jsx?t=1776620455345:66:45) @ http://localhost:5173/src/components/Settings/DefaultModels.jsx?t=1776620455345:68
[     617ms] [ERROR] Failed to fetch models for image AxiosError: Request failed with status code 400
    at settle (http://localhost:5173/node_modules/.vite/deps/axios.js?v=574e0ab2:1319:7)
    at XMLHttpRequest.onloadend (http://localhost:5173/node_modules/.vite/deps/axios.js?v=574e0ab2:1682:7)
    at Axios.request (http://localhost:5173/node_modules/.vite/deps/axios.js?v=574e0ab2:2330:41)
    at async init (http://localhost:5173/src/components/Settings/DefaultModels.jsx?t=1776620455345:66:45) @ http://localhost:5173/src/components/Settings/DefaultModels.jsx?t=1776620455345:68
[     619ms] [ERROR] Failed to load resource: the server responded with a status of 400 (Bad Request) @ http://100.99.179.63:8000/api/ai-providers/69e5110222fe4fa703ff35b2/models:0
[     657ms] [ERROR] Failed to fetch models for image AxiosError: Request failed with status code 400
    at settle (http://localhost:5173/node_modules/.vite/deps/axios.js?v=574e0ab2:1319:7)
    at XMLHttpRequest.onloadend (http://localhost:5173/node_modules/.vite/deps/axios.js?v=574e0ab2:1682:7)
    at Axios.request (http://localhost:5173/node_modules/.vite/deps/axios.js?v=574e0ab2:2330:41)
    at async init (http://localhost:5173/src/components/Settings/DefaultModels.jsx?t=1776620455345:66:45) @ http://localhost:5173/src/components/Settings/DefaultModels.jsx?t=1776620455345:68
