[      86ms] [INFO] %cDownload the React DevTools for a better development experience: https://reactjs.org/link/react-devtools font-weight:bold @ http://localhost:5173/node_modules/.vite/deps/chunk-PJEEZAML.js?v=a62d18fb:21550
[14917913ms] [ERROR] Failed to load resource: the server responded with a status of 404 (Not Found) @ http://localhost:5173/src/components/AllPosts.jsx?t=1776241510408:0
[14917914ms] [ERROR] [hmr] Failed to reload /src/components/AllPosts.jsx. This could be due to syntax errors or importing non-existent modules. (see errors above) @ http://localhost:5173/@vite/client:175
[14926070ms] ReferenceError: AllPosts is not defined
    at App (http://localhost:5173/src/App.jsx?t=1776241518421:94:89)
    at renderWithHooks (http://localhost:5173/node_modules/.vite/deps/chunk-PJEEZAML.js?v=a62d18fb:11548:26)
    at updateFunctionComponent (http://localhost:5173/node_modules/.vite/deps/chunk-PJEEZAML.js?v=a62d18fb:14582:28)
    at beginWork (http://localhost:5173/node_modules/.vite/deps/chunk-PJEEZAML.js?v=a62d18fb:15924:22)
    at HTMLUnknownElement.callCallback2 (http://localhost:5173/node_modules/.vite/deps/chunk-PJEEZAML.js?v=a62d18fb:3674:22)
    at Object.invokeGuardedCallbackDev (http://localhost:5173/node_modules/.vite/deps/chunk-PJEEZAML.js?v=a62d18fb:3699:24)
    at invokeGuardedCallback (http://localhost:5173/node_modules/.vite/deps/chunk-PJEEZAML.js?v=a62d18fb:3733:39)
    at beginWork$1 (http://localhost:5173/node_modules/.vite/deps/chunk-PJEEZAML.js?v=a62d18fb:19765:15)
    at performUnitOfWork (http://localhost:5173/node_modules/.vite/deps/chunk-PJEEZAML.js?v=a62d18fb:19198:20)
    at workLoopSync (http://localhost:5173/node_modules/.vite/deps/chunk-PJEEZAML.js?v=a62d18fb:19137:13)
[14926074ms] ReferenceError: AllPosts is not defined
    at App (http://localhost:5173/src/App.jsx?t=1776241518421:94:89)
    at renderWithHooks (http://localhost:5173/node_modules/.vite/deps/chunk-PJEEZAML.js?v=a62d18fb:11548:26)
    at updateFunctionComponent (http://localhost:5173/node_modules/.vite/deps/chunk-PJEEZAML.js?v=a62d18fb:14582:28)
    at beginWork (http://localhost:5173/node_modules/.vite/deps/chunk-PJEEZAML.js?v=a62d18fb:15924:22)
    at HTMLUnknownElement.callCallback2 (http://localhost:5173/node_modules/.vite/deps/chunk-PJEEZAML.js?v=a62d18fb:3674:22)
    at Object.invokeGuardedCallbackDev (http://localhost:5173/node_modules/.vite/deps/chunk-PJEEZAML.js?v=a62d18fb:3699:24)
    at invokeGuardedCallback (http://localhost:5173/node_modules/.vite/deps/chunk-PJEEZAML.js?v=a62d18fb:3733:39)
    at beginWork$1 (http://localhost:5173/node_modules/.vite/deps/chunk-PJEEZAML.js?v=a62d18fb:19765:15)
    at performUnitOfWork (http://localhost:5173/node_modules/.vite/deps/chunk-PJEEZAML.js?v=a62d18fb:19198:20)
    at workLoopSync (http://localhost:5173/node_modules/.vite/deps/chunk-PJEEZAML.js?v=a62d18fb:19137:13)
[14926078ms] [ERROR] The above error occurred in the <App> component:

    at App (http://localhost:5173/src/App.jsx?t=1776241518421:94:89)
    at Router (http://localhost:5173/node_modules/.vite/deps/react-router-dom.js?v=c348d330:7216:13)
    at BrowserRouter (http://localhost:5173/node_modules/.vite/deps/react-router-dom.js?v=c348d330:10514:3)

Consider adding an error boundary to your tree to customize error handling behavior.
Visit https://reactjs.org/link/error-boundaries to learn more about error boundaries. @ http://localhost:5173/node_modules/.vite/deps/chunk-PJEEZAML.js?v=a62d18fb:14031
[14926082ms] ReferenceError: AllPosts is not defined
    at App (http://localhost:5173/src/App.jsx?t=1776241518421:94:89)
    at renderWithHooks (http://localhost:5173/node_modules/.vite/deps/chunk-PJEEZAML.js?v=a62d18fb:11548:26)
    at updateFunctionComponent (http://localhost:5173/node_modules/.vite/deps/chunk-PJEEZAML.js?v=a62d18fb:14582:28)
    at beginWork (http://localhost:5173/node_modules/.vite/deps/chunk-PJEEZAML.js?v=a62d18fb:15924:22)
    at beginWork$1 (http://localhost:5173/node_modules/.vite/deps/chunk-PJEEZAML.js?v=a62d18fb:19753:22)
    at performUnitOfWork (http://localhost:5173/node_modules/.vite/deps/chunk-PJEEZAML.js?v=a62d18fb:19198:20)
    at workLoopSync (http://localhost:5173/node_modules/.vite/deps/chunk-PJEEZAML.js?v=a62d18fb:19137:13)
    at renderRootSync (http://localhost:5173/node_modules/.vite/deps/chunk-PJEEZAML.js?v=a62d18fb:19116:15)
    at recoverFromConcurrentError (http://localhost:5173/node_modules/.vite/deps/chunk-PJEEZAML.js?v=a62d18fb:18736:28)
    at performSyncWorkOnRoot (http://localhost:5173/node_modules/.vite/deps/chunk-PJEEZAML.js?v=a62d18fb:18879:28)
[14930905ms] ReferenceError: AllPosts is not defined
    at App (http://localhost:5173/src/App.jsx?t=1776241518421:94:89)
    at renderWithHooks (http://localhost:5173/node_modules/.vite/deps/chunk-PJEEZAML.js?v=a62d18fb:11548:26)
    at mountIndeterminateComponent (http://localhost:5173/node_modules/.vite/deps/chunk-PJEEZAML.js?v=a62d18fb:14926:21)
    at beginWork (http://localhost:5173/node_modules/.vite/deps/chunk-PJEEZAML.js?v=a62d18fb:15914:22)
    at HTMLUnknownElement.callCallback2 (http://localhost:5173/node_modules/.vite/deps/chunk-PJEEZAML.js?v=a62d18fb:3674:22)
    at Object.invokeGuardedCallbackDev (http://localhost:5173/node_modules/.vite/deps/chunk-PJEEZAML.js?v=a62d18fb:3699:24)
    at invokeGuardedCallback (http://localhost:5173/node_modules/.vite/deps/chunk-PJEEZAML.js?v=a62d18fb:3733:39)
    at beginWork$1 (http://localhost:5173/node_modules/.vite/deps/chunk-PJEEZAML.js?v=a62d18fb:19765:15)
    at performUnitOfWork (http://localhost:5173/node_modules/.vite/deps/chunk-PJEEZAML.js?v=a62d18fb:19198:20)
    at workLoopSync (http://localhost:5173/node_modules/.vite/deps/chunk-PJEEZAML.js?v=a62d18fb:19137:13)
[14930907ms] ReferenceError: AllPosts is not defined
    at App (http://localhost:5173/src/App.jsx?t=1776241518421:94:89)
    at renderWithHooks (http://localhost:5173/node_modules/.vite/deps/chunk-PJEEZAML.js?v=a62d18fb:11548:26)
    at mountIndeterminateComponent (http://localhost:5173/node_modules/.vite/deps/chunk-PJEEZAML.js?v=a62d18fb:14926:21)
    at beginWork (http://localhost:5173/node_modules/.vite/deps/chunk-PJEEZAML.js?v=a62d18fb:15914:22)
    at HTMLUnknownElement.callCallback2 (http://localhost:5173/node_modules/.vite/deps/chunk-PJEEZAML.js?v=a62d18fb:3674:22)
    at Object.invokeGuardedCallbackDev (http://localhost:5173/node_modules/.vite/deps/chunk-PJEEZAML.js?v=a62d18fb:3699:24)
    at invokeGuardedCallback (http://localhost:5173/node_modules/.vite/deps/chunk-PJEEZAML.js?v=a62d18fb:3733:39)
    at beginWork$1 (http://localhost:5173/node_modules/.vite/deps/chunk-PJEEZAML.js?v=a62d18fb:19765:15)
    at performUnitOfWork (http://localhost:5173/node_modules/.vite/deps/chunk-PJEEZAML.js?v=a62d18fb:19198:20)
    at workLoopSync (http://localhost:5173/node_modules/.vite/deps/chunk-PJEEZAML.js?v=a62d18fb:19137:13)
[14930906ms] [ERROR] The above error occurred in the <App> component:

    at App (http://localhost:5173/src/App.jsx?t=1776241518421:94:89)
    at Router (http://localhost:5173/node_modules/.vite/deps/react-router-dom.js?v=c348d330:7216:13)
    at BrowserRouter (http://localhost:5173/node_modules/.vite/deps/react-router-dom.js?v=c348d330:10514:3)

Consider adding an error boundary to your tree to customize error handling behavior.
Visit https://reactjs.org/link/error-boundaries to learn more about error boundaries. @ http://localhost:5173/node_modules/.vite/deps/chunk-PJEEZAML.js?v=a62d18fb:14031
[14930909ms] ReferenceError: AllPosts is not defined
    at App (http://localhost:5173/src/App.jsx?t=1776241518421:94:89)
    at renderWithHooks (http://localhost:5173/node_modules/.vite/deps/chunk-PJEEZAML.js?v=a62d18fb:11548:26)
    at mountIndeterminateComponent (http://localhost:5173/node_modules/.vite/deps/chunk-PJEEZAML.js?v=a62d18fb:14926:21)
    at beginWork (http://localhost:5173/node_modules/.vite/deps/chunk-PJEEZAML.js?v=a62d18fb:15914:22)
    at beginWork$1 (http://localhost:5173/node_modules/.vite/deps/chunk-PJEEZAML.js?v=a62d18fb:19753:22)
    at performUnitOfWork (http://localhost:5173/node_modules/.vite/deps/chunk-PJEEZAML.js?v=a62d18fb:19198:20)
    at workLoopSync (http://localhost:5173/node_modules/.vite/deps/chunk-PJEEZAML.js?v=a62d18fb:19137:13)
    at renderRootSync (http://localhost:5173/node_modules/.vite/deps/chunk-PJEEZAML.js?v=a62d18fb:19116:15)
    at recoverFromConcurrentError (http://localhost:5173/node_modules/.vite/deps/chunk-PJEEZAML.js?v=a62d18fb:18736:28)
    at performSyncWorkOnRoot (http://localhost:5173/node_modules/.vite/deps/chunk-PJEEZAML.js?v=a62d18fb:18879:28)
[14932376ms] ReferenceError: AllPosts is not defined
    at App (http://localhost:5173/src/App.jsx?t=1776241518421:94:89)
    at renderWithHooks (http://localhost:5173/node_modules/.vite/deps/chunk-PJEEZAML.js?v=a62d18fb:11548:26)
    at mountIndeterminateComponent (http://localhost:5173/node_modules/.vite/deps/chunk-PJEEZAML.js?v=a62d18fb:14926:21)
    at beginWork (http://localhost:5173/node_modules/.vite/deps/chunk-PJEEZAML.js?v=a62d18fb:15914:22)
    at HTMLUnknownElement.callCallback2 (http://localhost:5173/node_modules/.vite/deps/chunk-PJEEZAML.js?v=a62d18fb:3674:22)
    at Object.invokeGuardedCallbackDev (http://localhost:5173/node_modules/.vite/deps/chunk-PJEEZAML.js?v=a62d18fb:3699:24)
    at invokeGuardedCallback (http://localhost:5173/node_modules/.vite/deps/chunk-PJEEZAML.js?v=a62d18fb:3733:39)
    at beginWork$1 (http://localhost:5173/node_modules/.vite/deps/chunk-PJEEZAML.js?v=a62d18fb:19765:15)
    at performUnitOfWork (http://localhost:5173/node_modules/.vite/deps/chunk-PJEEZAML.js?v=a62d18fb:19198:20)
    at workLoopSync (http://localhost:5173/node_modules/.vite/deps/chunk-PJEEZAML.js?v=a62d18fb:19137:13)
[14932378ms] ReferenceError: AllPosts is not defined
    at App (http://localhost:5173/src/App.jsx?t=1776241518421:94:89)
    at renderWithHooks (http://localhost:5173/node_modules/.vite/deps/chunk-PJEEZAML.js?v=a62d18fb:11548:26)
    at mountIndeterminateComponent (http://localhost:5173/node_modules/.vite/deps/chunk-PJEEZAML.js?v=a62d18fb:14926:21)
    at beginWork (http://localhost:5173/node_modules/.vite/deps/chunk-PJEEZAML.js?v=a62d18fb:15914:22)
    at HTMLUnknownElement.callCallback2 (http://localhost:5173/node_modules/.vite/deps/chunk-PJEEZAML.js?v=a62d18fb:3674:22)
    at Object.invokeGuardedCallbackDev (http://localhost:5173/node_modules/.vite/deps/chunk-PJEEZAML.js?v=a62d18fb:3699:24)
    at invokeGuardedCallback (http://localhost:5173/node_modules/.vite/deps/chunk-PJEEZAML.js?v=a62d18fb:3733:39)
    at beginWork$1 (http://localhost:5173/node_modules/.vite/deps/chunk-PJEEZAML.js?v=a62d18fb:19765:15)
    at performUnitOfWork (http://localhost:5173/node_modules/.vite/deps/chunk-PJEEZAML.js?v=a62d18fb:19198:20)
    at workLoopSync (http://localhost:5173/node_modules/.vite/deps/chunk-PJEEZAML.js?v=a62d18fb:19137:13)
[14932377ms] [ERROR] The above error occurred in the <App> component:

    at App (http://localhost:5173/src/App.jsx?t=1776241518421:94:89)
    at Router (http://localhost:5173/node_modules/.vite/deps/react-router-dom.js?v=c348d330:7216:13)
    at BrowserRouter (http://localhost:5173/node_modules/.vite/deps/react-router-dom.js?v=c348d330:10514:3)

Consider adding an error boundary to your tree to customize error handling behavior.
Visit https://reactjs.org/link/error-boundaries to learn more about error boundaries. @ http://localhost:5173/node_modules/.vite/deps/chunk-PJEEZAML.js?v=a62d18fb:14031
[14932381ms] ReferenceError: AllPosts is not defined
    at App (http://localhost:5173/src/App.jsx?t=1776241518421:94:89)
    at renderWithHooks (http://localhost:5173/node_modules/.vite/deps/chunk-PJEEZAML.js?v=a62d18fb:11548:26)
    at mountIndeterminateComponent (http://localhost:5173/node_modules/.vite/deps/chunk-PJEEZAML.js?v=a62d18fb:14926:21)
    at beginWork (http://localhost:5173/node_modules/.vite/deps/chunk-PJEEZAML.js?v=a62d18fb:15914:22)
    at beginWork$1 (http://localhost:5173/node_modules/.vite/deps/chunk-PJEEZAML.js?v=a62d18fb:19753:22)
    at performUnitOfWork (http://localhost:5173/node_modules/.vite/deps/chunk-PJEEZAML.js?v=a62d18fb:19198:20)
    at workLoopSync (http://localhost:5173/node_modules/.vite/deps/chunk-PJEEZAML.js?v=a62d18fb:19137:13)
    at renderRootSync (http://localhost:5173/node_modules/.vite/deps/chunk-PJEEZAML.js?v=a62d18fb:19116:15)
    at recoverFromConcurrentError (http://localhost:5173/node_modules/.vite/deps/chunk-PJEEZAML.js?v=a62d18fb:18736:28)
    at performSyncWorkOnRoot (http://localhost:5173/node_modules/.vite/deps/chunk-PJEEZAML.js?v=a62d18fb:18879:28)
